  VisualGDB: Run "cmd.exe /c "C:\cygwin64\bin\make.exe" clean TARGET=SPRACINGF3MINI" in directory "C:\dev\aRCiTimer-Cleanflight" on local computer
  rm -f ./obj/cleanflight_SPRACINGF3MINI.bin ./obj/cleanflight_SPRACINGF3MINI.hex ./obj/main/cleanflight_SPRACINGF3MINI.elf ./obj/main/SPRACINGF3MINI/startup_stm32f30x_md_gcc.o ./obj/main/SPRACINGF3MINI/target/system_stm32f30x.o ./obj/main/SPRACINGF3MINI/drivers/adc.o ./obj/main/SPRACINGF3MINI/drivers/adc_stm32f30x.o ./obj/main/SPRACINGF3MINI/drivers/bus_i2c_stm32f30x.o ./obj/main/SPRACINGF3MINI/drivers/bus_spi.o ./obj/main/SPRACINGF3MINI/drivers/gpio_stm32f30x.o ./obj/main/SPRACINGF3MINI/drivers/light_led_stm32f30x.o ./obj/main/SPRACINGF3MINI/drivers/serial_uart.o ./obj/main/SPRACINGF3MINI/drivers/serial_uart_stm32f30x.o ./obj/main/SPRACINGF3MINI/drivers/sound_beeper_stm32f30x.o ./obj/main/SPRACINGF3MINI/drivers/system_stm32f30x.o ./obj/main/SPRACINGF3MINI/drivers/display_ug2864hsweg01.o ./obj/main/SPRACINGF3MINI/drivers/timer.o ./obj/main/SPRACINGF3MINI/drivers/timer_stm32f30x.o ./obj/main/SPRACINGF3MINI/drivers/pwm_mapping.o ./obj/main/SPRACINGF3MINI/drivers/pwm_output.o ./obj/main/SPRACINGF3MINI/drivers/pwm_rx.o ./obj/main/SPRACINGF3MINI/drivers/accgyro_mpu.o ./obj/main/SPRACINGF3MINI/drivers/accgyro_mpu6500.o ./obj/main/SPRACINGF3MINI/drivers/barometer_bmp280.o ./obj/main/SPRACINGF3MINI/drivers/compass_ak8963.o ./obj/main/SPRACINGF3MINI/drivers/compass_hmc5883l.o ./obj/main/SPRACINGF3MINI/drivers/display_ug2864hsweg01.o ./obj/main/SPRACINGF3MINI/drivers/flash_m25p16.o ./obj/main/SPRACINGF3MINI/drivers/light_ws2811strip.o ./obj/main/SPRACINGF3MINI/drivers/light_ws2811strip_stm32f30x.o ./obj/main/SPRACINGF3MINI/drivers/serial_softserial.o ./obj/main/SPRACINGF3MINI/drivers/serial_usb_vcp.o ./obj/main/SPRACINGF3MINI/drivers/sonar_hcsr04.o ./obj/main/SPRACINGF3MINI/drivers/sdcard.o ./obj/main/SPRACINGF3MINI/drivers/sdcard_standard.o ./obj/main/SPRACINGF3MINI/drivers/transponder_ir.o ./obj/main/SPRACINGF3MINI/drivers/transponder_ir_stm32f30x.o ./obj/main/SPRACINGF3MINI/io/asyncfatfs/asyncfatfs.o ./obj/main/SPRACINGF3MINI/io/asyncfatfs/fat_standard.o ./obj/main/SPRACINGF3MINI/io/transponder_ir.o ./obj/main/SPRACINGF3MINI/flight/gtune.o ./obj/main/SPRACINGF3MINI/flight/navigation.o ./obj/main/SPRACINGF3MINI/flight/gps_conversion.o ./obj/main/SPRACINGF3MINI/common/colorconversion.o ./obj/main/SPRACINGF3MINI/io/gps.o ./obj/main/SPRACINGF3MINI/io/ledstrip.o ./obj/main/SPRACINGF3MINI/io/display.o ./obj/main/SPRACINGF3MINI/telemetry/telemetry.o ./obj/main/SPRACINGF3MINI/telemetry/frsky.o ./obj/main/SPRACINGF3MINI/telemetry/hott.o ./obj/main/SPRACINGF3MINI/telemetry/smartport.o ./obj/main/SPRACINGF3MINI/telemetry/ltm.o ./obj/main/SPRACINGF3MINI/telemetry/mavlink.o ./obj/main/SPRACINGF3MINI/telemetry/ibus.o ./obj/main/SPRACINGF3MINI/sensors/sonar.o ./obj/main/SPRACINGF3MINI/sensors/barometer.o ./obj/main/SPRACINGF3MINI/blackbox/blackbox.o ./obj/main/SPRACINGF3MINI/blackbox/blackbox_io.o ./obj/main/SPRACINGF3MINI/config/feature.o ./obj/main/SPRACINGF3MINI/config/profile.o ./obj/main/SPRACINGF3MINI/fc/boot.o ./obj/main/SPRACINGF3MINI/fc/fc_debug.o ./obj/main/SPRACINGF3MINI/fc/cleanflight_fc.o ./obj/main/SPRACINGF3MINI/fc/fc_tasks.o ./obj/main/SPRACINGF3MINI/fc/rate_profile.o ./obj/main/SPRACINGF3MINI/fc/rc_adjustments.o ./obj/main/SPRACINGF3MINI/fc/rc_controls.o ./obj/main/SPRACINGF3MINI/fc/rc_curves.o ./obj/main/SPRACINGF3MINI/fc/fc_serial.o ./obj/main/SPRACINGF3MINI/fc/config.o ./obj/main/SPRACINGF3MINI/fc/runtime_config.o ./obj/main/SPRACINGF3MINI/fc/msp_server_fc.o ./obj/main/SPRACINGF3MINI/flight/altitudehold.o ./obj/main/SPRACINGF3MINI/flight/failsafe.o ./obj/main/SPRACINGF3MINI/flight/pid.o ./obj/main/SPRACINGF3MINI/flight/pid_luxfloat.o ./obj/main/SPRACINGF3MINI/flight/pid_mwrewrite.o ./obj/main/SPRACINGF3MINI/flight/pid_mw23.o ./obj/main/SPRACINGF3MINI/flight/imu.o ./obj/main/SPRACINGF3MINI/flight/mixer.o ./obj/main/SPRACINGF3MINI/flight/servos.o ./obj/main/SPRACINGF3MINI/drivers/bus_i2c_soft.o ./obj/main/SPRACINGF3MINI/drivers/exti.o ./obj/main/SPRACINGF3MINI/drivers/io.o ./obj/main/SPRACINGF3MINI/drivers/rcc.o ./obj/main/SPRACINGF3MINI/drivers/sound_beeper.o ./obj/main/SPRACINGF3MINI/drivers/gyro_sync.o ./obj/main/SPRACINGF3MINI/io/beeper.o ./obj/main/SPRACINGF3MINI/io/gimbal.o ./obj/main/SPRACINGF3MINI/io/servos.o ./obj/main/SPRACINGF3MINI/io/motors.o ./obj/main/SPRACINGF3MINI/io/serial_4way.o ./obj/main/SPRACINGF3MINI/io/serial_4way_avrootloader.o ./obj/main/SPRACINGF3MINI/io/serial_4way_stk500v2.o ./obj/main/SPRACINGF3MINI/io/serial_cli.o ./obj/main/SPRACINGF3MINI/io/statusindicator.o ./obj/main/SPRACINGF3MINI/rx/rx.o ./obj/main/SPRACINGF3MINI/rx/pwm.o ./obj/main/SPRACINGF3MINI/rx/msp.o ./obj/main/SPRACINGF3MINI/rx/sbus.o ./obj/main/SPRACINGF3MINI/rx/sumd.o ./obj/main/SPRACINGF3MINI/rx/sumh.o ./obj/main/SPRACINGF3MINI/rx/spektrum.o ./obj/main/SPRACINGF3MINI/rx/xbus.o ./obj/main/SPRACINGF3MINI/rx/ibus.o ./obj/main/SPRACINGF3MINI/rx/srxl.o ./obj/main/SPRACINGF3MINI/sensors/sensors.o ./obj/main/SPRACINGF3MINI/sensors/acceleration.o ./obj/main/SPRACINGF3MINI/sensors/battery.o ./obj/main/SPRACINGF3MINI/sensors/voltage.o ./obj/main/SPRACINGF3MINI/sensors/amperage.o ./obj/main/SPRACINGF3MINI/sensors/boardalignment.o ./obj/main/SPRACINGF3MINI/sensors/compass.o ./obj/main/SPRACINGF3MINI/sensors/gyro.o ./obj/main/SPRACINGF3MINI/sensors/initialisation.o ./obj/main/SPRACINGF3MINI/build/build_config.o ./obj/main/SPRACINGF3MINI/build/debug.o ./obj/main/SPRACINGF3MINI/build/version.o ./obj/main/SPRACINGF3MINI/config/config_streamer.o ./obj/main/SPRACINGF3MINI/config/parameter_group.o ./obj/main/SPRACINGF3MINI/config/config_eeprom.o ./obj/main/SPRACINGF3MINI/common/encoding.o ./obj/main/SPRACINGF3MINI/common/filter.o ./obj/main/SPRACINGF3MINI/common/maths.o ./obj/main/SPRACINGF3MINI/common/printf.o ./obj/main/SPRACINGF3MINI/common/streambuf.o ./obj/main/SPRACINGF3MINI/common/typeconversion.o ./obj/main/SPRACINGF3MINI/common/crc.o ./obj/main/SPRACINGF3MINI/common/pilot.o ./obj/main/SPRACINGF3MINI/drivers/buf_writer.o ./obj/main/SPRACINGF3MINI/drivers/dma.o ./obj/main/SPRACINGF3MINI/drivers/serial.o ./obj/main/SPRACINGF3MINI/drivers/system.o ./obj/main/SPRACINGF3MINI/scheduler/scheduler.o ./obj/main/SPRACINGF3MINI/io/serial.o ./obj/main/SPRACINGF3MINI/io/statusindicator.o ./obj/main/SPRACINGF3MINI/msp/msp.o ./obj/main/SPRACINGF3MINI/msp/msp_serial.o ./obj/main/SPRACINGF3MINI/msp/msp_server.o ./obj/main/SPRACINGF3MINI/stm32f30x_gpio.o ./obj/main/SPRACINGF3MINI/stm32f30x_rcc.o ./obj/main/SPRACINGF3MINI/stm32f30x_wwdg.o ./obj/main/SPRACINGF3MINI/stm32f30x_gpio.o ./obj/main/SPRACINGF3MINI/stm32f30x_spi.o ./obj/main/SPRACINGF3MINI/stm32f30x_adc.o ./obj/main/SPRACINGF3MINI/stm32f30x_iwdg.o ./obj/main/SPRACINGF3MINI/stm32f30x_hrtim.o ./obj/main/SPRACINGF3MINI/stm32f30x_tim.o ./obj/main/SPRACINGF3MINI/stm32f30x_rtc.o ./obj/main/SPRACINGF3MINI/stm32f30x_misc.o ./obj/main/SPRACINGF3MINI/stm32f30x_usart.o ./obj/main/SPRACINGF3MINI/stm32f30x_syscfg.o ./obj/main/SPRACINGF3MINI/stm32f30x_flash.o ./obj/main/SPRACINGF3MINI/stm32f30x_rcc.o ./obj/main/SPRACINGF3MINI/stm32f30x_i2c.o ./obj/main/SPRACINGF3MINI/stm32f30x_pwr.o ./obj/main/SPRACINGF3MINI/stm32f30x_opamp.o ./obj/main/SPRACINGF3MINI/stm32f30x_dac.o ./obj/main/SPRACINGF3MINI/stm32f30x_dbgmcu.o ./obj/main/SPRACINGF3MINI/stm32f30x_dma.o ./obj/main/SPRACINGF3MINI/stm32f30x_exti.o ./obj/main/SPRACINGF3MINI/stm32f30x_comp.o ./obj/main/SPRACINGF3MINI/usb_int.o ./obj/main/SPRACINGF3MINI/usb_regs.o ./obj/main/SPRACINGF3MINI/usb_core.o ./obj/main/SPRACINGF3MINI/usb_sil.o ./obj/main/SPRACINGF3MINI/usb_init.o ./obj/main/SPRACINGF3MINI/usb_mem.o ./obj/main/SPRACINGF3MINI/vcp/hw_config.o ./obj/main/SPRACINGF3MINI/vcp/stm32_it.o ./obj/main/SPRACINGF3MINI/vcp/usb_desc.o ./obj/main/SPRACINGF3MINI/vcp/usb_endp.o ./obj/main/SPRACINGF3MINI/vcp/usb_istr.o ./obj/main/SPRACINGF3MINI/vcp/usb_prop.o ./obj/main/SPRACINGF3MINI/vcp/usb_pwr.o ./obj/main/SPRACINGF3MINI/drivers/serial_usb_vcp.o ./obj/main/SPRACINGF3MINI/drivers/usb_io.o ./obj/main/cleanflight_SPRACINGF3MINI.map
  rm -rf ./obj/main/SPRACINGF3MINI
  cd src/test && /usr/bin/make clean || true
  make[1]: Entering directory '/cygdrive/c/dev/aRCiTimer-Cleanflight/src/test'
  rm -rf ../../obj/test
  make[1]: Leaving directory '/cygdrive/c/dev/aRCiTimer-Cleanflight/src/test'
  VisualGDB: Run "cmd.exe /c "C:\cygwin64\bin\make.exe" TARGET=SPRACINGF3MINI" in directory "C:\dev\aRCiTimer-Cleanflight" on local computer
  %% startup_stm32f30x_md_gcc.S
  %% system_stm32f30x.c
  %% adc.c
  %% adc_stm32f30x.c
  %% bus_i2c_stm32f30x.c
  %% bus_spi.c
  %% gpio_stm32f30x.c
  %% light_led_stm32f30x.c
  %% serial_uart.c
  %% serial_uart_stm32f30x.c
  %% sound_beeper_stm32f30x.c
  %% system_stm32f30x.c
  %% display_ug2864hsweg01.c
  %% timer.c
  %% timer_stm32f30x.c
  %% pwm_mapping.c
  %% pwm_output.c
  %% pwm_rx.c
  %% accgyro_mpu.c
  %% accgyro_mpu6500.c
  %% barometer_bmp280.c
  %% compass_ak8963.c
  %% compass_hmc5883l.c
  %% flash_m25p16.c
  %% light_ws2811strip.c
  %% light_ws2811strip_stm32f30x.c
  %% serial_softserial.c
  %% serial_usb_vcp.c
  %% sonar_hcsr04.c
  %% sdcard.c
  %% sdcard_standard.c
  %% transponder_ir.c
  %% transponder_ir_stm32f30x.c
  %% asyncfatfs.c
  %% fat_standard.c
  %% transponder_ir.c
C:\dev\aRCiTimer-Cleanflight\.\src\main\io\transponder_ir.c(70,6): error : conflicting types for 'updateTransponder'
   void updateTransponder(const uint8_t* transponderTipe)
        ^
  In file included from ./src/main/io/transponder_ir.c:36:0:
  C:\dev\aRCiTimer-Cleanflight\.\src\main\io\transponder_ir.h(35,6): note:  previous declaration of 'updateTransponder' was here
   void updateTransponder(uint8_t* transponderCode);
        ^
  ./src/main/io/transponder_ir.c: In function 'transponderTransmitOnce':
C:\dev\aRCiTimer-Cleanflight\.\src\main\io\transponder_ir.c(141,2): error : too few arguments to function 'transponderIrTransmit'
    transponderIrTransmit();
    ^
  In file included from ./src/main/io/transponder_ir.c:31:0:
  C:\dev\aRCiTimer-Cleanflight\.\src\main\drivers\transponder_ir.h(53,6): note:  declared here
   void transponderIrTransmit(const uint8_t* transponderTipe);
        ^
  make: *** [Makefile:1028: obj/main/SPRACINGF3MINI/io/transponder_ir.o] Error 1
  -------------------------------------------------------------
  Command exited with code 2
  Executable: cmd.exe
  Arguments: /c "C:\cygwin64\bin\make.exe" TARGET=SPRACINGF3MINI
  Directory: C:\dev\aRCiTimer-Cleanflight
VisualGDB : error : Command-line action failed
C:\Program Files (x86)\MSBuild\Microsoft.Cpp\v4.0\V140\Microsoft.MakeFile.Targets(42,5): error MSB3073: The command ""C:\Program Files (x86)\Sysprogs\VisualGDB\\VisualGDB.exe" /rebuild "C:\dev\aRCiTimer-Cleanflight\arcitimer-cleanflight\arcitimer-cleanflight\arcitimer-cleanflight.vcxproj" "/solution:C:\dev\aRCiTimer-Cleanflight\arcitimer-cleanflight\arcitimer-cleanflight.sln" "/config:Debug" "/platform:Win32"" exited with code 1.
